Build started...
------ Build started: Project: TcoIoBeckhoff, Configuration: Release TwinCAT RT (x64) ------
------ Build started: Application: XAETcoIoBeckhoff.TcoIoBeckhoff -------
typify code ...
generate code...
generate global initializations ...
generate code initialization ...
generate relocations ...
Size of generated code: 57042 bytes
Size of global data: 13097 bytes
Total allocated memory size for code and data: 454568 bytes
Memory area 0 contains  Data, Input, Output, Memory, Code, Persistent Data and Nonsafe Data: size: 1048576 bytes, highest used address: 454568, largest contiguous memory gap: 594008 bytes (56 %)
Build complete -- 0 errors, 0 warnings : ready for download!
Generate TMC information ...
Import symbol information ...
PLC.TcoIoBeckhoff : message: generate boot information...
------ Build started: Project: TcoIoBeckhoffTests, Configuration: Release TwinCAT RT (x64) ------
------ Build started: Application: XAETcoIoBeckhoff.TcoIoBeckhoffTests -------
typify code ...
TcoEthercatMasterDevice(16) : error: No matching FB_init method found for instantiation of TcoEthercatDiagnosticsTask [tcoiobeckhoff, 1.19.1.1780 (vortex.library)]
D:\github\TcOpenGroup\TcOpen\src\TcoIoBeckhoff\src\XAE\XAE\TcoIoBeckhoffTests\POUs\tcc.TcPOU(4) : error: No matching FB_init method found for instantiation of TcoEthercatMasterDevice
D:\github\TcOpenGroup\TcOpen\src\TcoIoBeckhoff\src\XAE\XAE\TcoIoBeckhoffTests\POUs\tcc.TcPOU(6) : error: No matching FB_init method found for instantiation of TcoEthercatMasterDevice
DiagnosticsMessenger.FB_init(10) : warning: Method 'FB_init' already called implicitly [tcoiobeckhoff, 1.19.1.1780 (vortex.library)]
Compile complete -- 3 errors, 1 warnings
Build complete -- 3 errors, 1 warnings : no download possible!
WRN | 3/17/2022 8:05:14 PM 988 ms | 'TwinCAT XAE': Project 'TcoIoBeckhoffTests' build for platform 'TwinCAT RT (x64)' failed.
------ Build started: Project: XAETcoIoBeckhoff, Configuration: Release TwinCAT RT (x64) ------
Error: The operation could not be completed. Unspecified error 
========== Build: 1 succeeded or up-to-date, 2 failed, 0 skipped ==========

Build started...
------ Build started: Project: TcoIoBeckhoff, Configuration: Release TwinCAT RT (x64) ------
------ Build started: Application: XAETcoIoBeckhoff.TcoIoBeckhoff -------
typify code ...
generate code...
generate global initializations ...
generate code initialization ...
generate relocations ...
Size of generated code: 57042 bytes
Size of global data: 13097 bytes
Total allocated memory size for code and data: 454568 bytes
Memory area 0 contains  Data, Input, Output, Memory, Code, Persistent Data and Nonsafe Data: size: 1048576 bytes, highest used address: 454568, largest contiguous memory gap: 594008 bytes (56 %)
Build complete -- 0 errors, 0 warnings : ready for download!
Generate TMC information ...
Import symbol information ...
PLC.TcoIoBeckhoff : message: generate boot information...
------ Build started: Project: TcoIoBeckhoffTests, Configuration: Release TwinCAT RT (x64) ------
------ Build started: Application: XAETcoIoBeckhoff.TcoIoBeckhoffTests -------
typify code ...
TcoEthercatMasterDevice(16) : error: No matching FB_init method found for instantiation of TcoEthercatDiagnosticsTask [tcoiobeckhoff, 1.19.1.1780 (vortex.library)]
D:\github\TcOpenGroup\TcOpen\src\TcoIoBeckhoff\src\XAE\XAE\TcoIoBeckhoffTests\POUs\tcc.TcPOU(4) : error: No matching FB_init method found for instantiation of TcoEthercatMasterDevice
D:\github\TcOpenGroup\TcOpen\src\TcoIoBeckhoff\src\XAE\XAE\TcoIoBeckhoffTests\POUs\tcc.TcPOU(6) : error: No matching FB_init method found for instantiation of TcoEthercatMasterDevice
DiagnosticsMessenger.FB_init(10) : warning: Method 'FB_init' already called implicitly [tcoiobeckhoff, 1.19.1.1780 (vortex.library)]
Compile complete -- 3 errors, 1 warnings
Build complete -- 3 errors, 1 warnings : no download possible!
WRN | 3/17/2022 8:07:14 PM 074 ms | 'TwinCAT XAE': Project 'TcoIoBeckhoffTests' build for platform 'TwinCAT RT (x64)' failed.
------ Build started: Project: XAETcoIoBeckhoff, Configuration: Release TwinCAT RT (x64) ------
Error: The operation could not be completed. Unspecified error 
========== Build: 1 succeeded or up-to-date, 2 failed, 0 skipped ==========

Build started...
------ Build started: Project: TcoIoBeckhoff, Configuration: Release TwinCAT RT (x64) ------
------ Build started: Application: XAETcoIoBeckhoff.TcoIoBeckhoff -------
typify code ...
generate code...
generate global initializations ...
generate code initialization ...
generate relocations ...
Size of generated code: 57042 bytes
Size of global data: 13097 bytes
Total allocated memory size for code and data: 454568 bytes
Memory area 0 contains  Data, Input, Output, Memory, Code, Persistent Data and Nonsafe Data: size: 1048576 bytes, highest used address: 454568, largest contiguous memory gap: 594008 bytes (56 %)
Build complete -- 0 errors, 0 warnings : ready for download!
Generate TMC information ...
Import symbol information ...
PLC.TcoIoBeckhoff : message: generate boot information...
------ Build started: Project: TcoIoBeckhoffTests, Configuration: Release TwinCAT RT (x64) ------
------ Build started: Application: XAETcoIoBeckhoff.TcoIoBeckhoffTests -------
typify code ...
TcoEthercatMasterDevice(16) : error: No matching FB_init method found for instantiation of TcoEthercatDiagnosticsTask [tcoiobeckhoff, 1.19.1.1780 (vortex.library)]
D:\github\TcOpenGroup\TcOpen\src\TcoIoBeckhoff\src\XAE\XAE\TcoIoBeckhoffTests\POUs\tcc.TcPOU(4) : error: No matching FB_init method found for instantiation of TcoEthercatMasterDevice
D:\github\TcOpenGroup\TcOpen\src\TcoIoBeckhoff\src\XAE\XAE\TcoIoBeckhoffTests\POUs\tcc.TcPOU(6) : error: No matching FB_init method found for instantiation of TcoEthercatMasterDevice
DiagnosticsMessenger.FB_init(10) : warning: Method 'FB_init' already called implicitly [tcoiobeckhoff, 1.19.1.1780 (vortex.library)]
Compile complete -- 3 errors, 1 warnings
Build complete -- 3 errors, 1 warnings : no download possible!
WRN | 3/17/2022 8:09:56 PM 502 ms | 'TwinCAT XAE': Project 'TcoIoBeckhoffTests' build for platform 'TwinCAT RT (x64)' failed.
------ Build started: Project: XAETcoIoBeckhoff, Configuration: Release TwinCAT RT (x64) ------
Error: The operation could not be completed. Unspecified error 
========== Build: 1 succeeded or up-to-date, 2 failed, 0 skipped ==========

Build started...
------ Build started: Project: TcoIoBeckhoff, Configuration: Release TwinCAT RT (x64) ------
------ Build started: Application: XAETcoIoBeckhoff.TcoIoBeckhoff -------
typify code ...
generate code...
generate global initializations ...
generate code initialization ...
generate relocations ...
Size of generated code: 57042 bytes
Size of global data: 13097 bytes
Total allocated memory size for code and data: 454568 bytes
Memory area 0 contains  Data, Input, Output, Memory, Code, Persistent Data and Nonsafe Data: size: 1048576 bytes, highest used address: 454568, largest contiguous memory gap: 594008 bytes (56 %)
Build complete -- 0 errors, 0 warnings : ready for download!
Generate TMC information ...
Import symbol information ...
PLC.TcoIoBeckhoff : message: generate boot information...
------ Build started: Project: TcoIoBeckhoffTests, Configuration: Release TwinCAT RT (x64) ------
------ Build started: Application: XAETcoIoBeckhoff.TcoIoBeckhoffTests -------
typify code ...
TcoEthercatMasterDevice(16) : error: No matching FB_init method found for instantiation of TcoEthercatDiagnosticsTask [tcoiobeckhoff, 1.19.1.1780 (vortex.library)]
D:\github\TcOpenGroup\TcOpen\src\TcoIoBeckhoff\src\XAE\XAE\TcoIoBeckhoffTests\POUs\tcc.TcPOU(4) : error: No matching FB_init method found for instantiation of TcoEthercatMasterDevice
D:\github\TcOpenGroup\TcOpen\src\TcoIoBeckhoff\src\XAE\XAE\TcoIoBeckhoffTests\POUs\tcc.TcPOU(6) : error: No matching FB_init method found for instantiation of TcoEthercatMasterDevice
DiagnosticsMessenger.FB_init(10) : warning: Method 'FB_init' already called implicitly [tcoiobeckhoff, 1.19.1.1780 (vortex.library)]
Compile complete -- 3 errors, 1 warnings
Build complete -- 3 errors, 1 warnings : no download possible!
WRN | 3/17/2022 8:20:53 PM 792 ms | 'TwinCAT XAE': Project 'TcoIoBeckhoffTests' build for platform 'TwinCAT RT (x64)' failed.
------ Build started: Project: XAETcoIoBeckhoff, Configuration: Release TwinCAT RT (x64) ------
Error: The operation could not be completed. Unspecified error 
========== Build: 1 succeeded or up-to-date, 2 failed, 0 skipped ==========

Build started...
------ Build started: Project: TcoIoBeckhoffTests, Configuration: Release TwinCAT RT (x64) ------
------ Build started: Application: XAETcoIoBeckhoff.TcoIoBeckhoffTests -------
typify code ...
generate code...
generate global initializations ...
generate code initialization ...
generate relocations ...
Size of generated code: 198508 bytes
Size of global data: 262285 bytes
Total allocated memory size for code and data: 852024 bytes
Memory area 0 contains  Data, Input, Output, Memory, Code, Persistent Data and Nonsafe Data: size: 1107631 bytes, highest used address: 852024, largest contiguous memory gap: 255607 bytes (23 %)
Build complete -- 0 errors, 0 warnings : ready for download!
Generate TMC information ...
Import symbol information ...
PLC.TcoIoBeckhoffTests : message: generate boot information...
------ Build started: Project: TcoIoBeckhoff, Configuration: Release TwinCAT RT (x64) ------
------ Build started: Application: XAETcoIoBeckhoff.TcoIoBeckhoff -------
typify code ...
generate code...
generate global initializations ...
generate code initialization ...
generate relocations ...
Size of generated code: 57042 bytes
Size of global data: 13097 bytes
Total allocated memory size for code and data: 454568 bytes
Memory area 0 contains  Data, Input, Output, Memory, Code, Persistent Data and Nonsafe Data: size: 1048576 bytes, highest used address: 454568, largest contiguous memory gap: 594008 bytes (56 %)
Build complete -- 0 errors, 0 warnings : ready for download!
Generate TMC information ...
Import symbol information ...
PLC.TcoIoBeckhoff : message: generate boot information...
Access is denied. Update of file 'D:\github\TcOpenGroup\TcOpen\src\TcoIoBeckhoff\src\XAE\XAE\TcoIoBeckhoff\_Libraries\vortex.library\tcocore\1.19.1.1780\tcocore.library' not possible! File is not included in archiveAccess is denied. Update of file 'D:\github\TcOpenGroup\TcOpen\src\TcoIoBeckhoff\src\XAE\XAE\TcoIoBeckhoffTests\_Libraries\vortex.library\tcocore\1.19.1.1780\tcocore.library' not possible! File is not included in archiveAccess is denied. Update of file 'D:\github\TcOpenGroup\TcOpen\src\TcoIoBeckhoff\src\XAE\XAE\TcoIoBeckhoffTests\_Libraries\vortex.library\tcoiobeckhoff\1.19.1.1780\tcoiobeckhoff.library' not possible! File is not included in archive------ Build started: Project: XAETcoIoBeckhoff, Configuration: Release TwinCAT RT (x64) ------
========== Build: 3 succeeded or up-to-date, 0 failed, 0 skipped ==========

Build started...
------ Build started: Project: TcoIoBeckhoffTests, Configuration: Release TwinCAT RT (x64) ------
------ Build started: Application: XAETcoIoBeckhoff.TcoIoBeckhoffTests -------
typify code ...
generate code...
generate global initializations ...
generate code initialization ...
generate relocations ...
Size of generated code: 198508 bytes
Size of global data: 262285 bytes
Total allocated memory size for code and data: 852024 bytes
Memory area 0 contains  Data, Input, Output, Memory, Code, Persistent Data and Nonsafe Data: size: 1107631 bytes, highest used address: 852024, largest contiguous memory gap: 255607 bytes (23 %)
Build complete -- 0 errors, 0 warnings : ready for download!
Generate TMC information ...
Import symbol information ...
PLC.TcoIoBeckhoffTests : message: generate boot information...
------ Build started: Project: TcoIoBeckhoff, Configuration: Release TwinCAT RT (x64) ------
------ Build started: Application: XAETcoIoBeckhoff.TcoIoBeckhoff -------
typify code ...
generate code...
generate global initializations ...
generate code initialization ...
generate relocations ...
Size of generated code: 57042 bytes
Size of global data: 13097 bytes
Total allocated memory size for code and data: 454568 bytes
Memory area 0 contains  Data, Input, Output, Memory, Code, Persistent Data and Nonsafe Data: size: 1048576 bytes, highest used address: 454568, largest contiguous memory gap: 594008 bytes (56 %)
Build complete -- 0 errors, 0 warnings : ready for download!
Generate TMC information ...
Import symbol information ...
PLC.TcoIoBeckhoff : message: generate boot information...
Access is denied. Update of file 'D:\github\TcOpenGroup\TcOpen\src\TcoIoBeckhoff\src\XAE\XAE\TcoIoBeckhoff\_Libraries\vortex.library\tcocore\1.19.1.1780\tcocore.library' not possible! File is not included in archiveAccess is denied. Update of file 'D:\github\TcOpenGroup\TcOpen\src\TcoIoBeckhoff\src\XAE\XAE\TcoIoBeckhoffTests\_Libraries\vortex.library\tcocore\1.19.1.1780\tcocore.library' not possible! File is not included in archiveAccess is denied. Update of file 'D:\github\TcOpenGroup\TcOpen\src\TcoIoBeckhoff\src\XAE\XAE\TcoIoBeckhoffTests\_Libraries\vortex.library\tcoiobeckhoff\1.19.1.1780\tcoiobeckhoff.library' not possible! File is not included in archive------ Build started: Project: XAETcoIoBeckhoff, Configuration: Release TwinCAT RT (x64) ------
========== Build: 3 succeeded or up-to-date, 0 failed, 0 skipped ==========

Build started...
------ Build started: Project: TcoIoBeckhoffTests, Configuration: Release TwinCAT RT (x64) ------
------ Build started: Application: XAETcoIoBeckhoff.TcoIoBeckhoffTests -------
typify code ...
generate code...
generate global initializations ...
generate code initialization ...
generate relocations ...
Size of generated code: 198892 bytes
Size of global data: 262513 bytes
Total allocated memory size for code and data: 852632 bytes
Memory area 0 contains  Data, Input, Output, Memory, Code, Persistent Data and Nonsafe Data: size: 1108421 bytes, highest used address: 852632, largest contiguous memory gap: 255789 bytes (23 %)
Build complete -- 0 errors, 0 warnings : ready for download!
Generate TMC information ...
Import symbol information ...
PLC.TcoIoBeckhoffTests : message: generate boot information...
------ Build started: Project: TcoIoBeckhoff, Configuration: Release TwinCAT RT (x64) ------
------ Build started: Application: XAETcoIoBeckhoff.TcoIoBeckhoff -------
typify code ...
generate code...
generate global initializations ...
generate code initialization ...
generate relocations ...
Size of generated code: 57042 bytes
Size of global data: 13097 bytes
Total allocated memory size for code and data: 454568 bytes
Memory area 0 contains  Data, Input, Output, Memory, Code, Persistent Data and Nonsafe Data: size: 1048576 bytes, highest used address: 454568, largest contiguous memory gap: 594008 bytes (56 %)
Build complete -- 0 errors, 0 warnings : ready for download!
Generate TMC information ...
Import symbol information ...
PLC.TcoIoBeckhoff : message: generate boot information...
Access is denied. Update of file 'D:\github\TcOpenGroup\TcOpen\src\TcoIoBeckhoff\src\XAE\XAE\TcoIoBeckhoff\_Libraries\vortex.library\tcocore\1.19.1.1780\tcocore.library' not possible! File is not included in archiveAccess is denied. Update of file 'D:\github\TcOpenGroup\TcOpen\src\TcoIoBeckhoff\src\XAE\XAE\TcoIoBeckhoffTests\_Libraries\vortex.library\tcocore\1.19.1.1780\tcocore.library' not possible! File is not included in archiveAccess is denied. Update of file 'D:\github\TcOpenGroup\TcOpen\src\TcoIoBeckhoff\src\XAE\XAE\TcoIoBeckhoffTests\_Libraries\vortex.library\tcoiobeckhoff\1.19.1.1780\tcoiobeckhoff.library' not possible! File is not included in archive------ Build started: Project: XAETcoIoBeckhoff, Configuration: Release TwinCAT RT (x64) ------
========== Build: 3 succeeded or up-to-date, 0 failed, 0 skipped ==========

Build started...
------ Build started: Project: TcoIoBeckhoff, Configuration: Release TwinCAT RT (x64) ------
------ Build started: Application: XAETcoIoBeckhoff.TcoIoBeckhoff -------
typify code ...
generate code...
generate global initializations ...
generate code initialization ...
generate relocations ...
Size of generated code: 57042 bytes
Size of global data: 13097 bytes
Total allocated memory size for code and data: 454568 bytes
Memory area 0 contains  Data, Input, Output, Memory, Code, Persistent Data and Nonsafe Data: size: 1048576 bytes, highest used address: 454568, largest contiguous memory gap: 594008 bytes (56 %)
Build complete -- 0 errors, 0 warnings : ready for download!
Generate TMC information ...
Import symbol information ...
PLC.TcoIoBeckhoff : message: generate boot information...
------ Build started: Project: TcoIoBeckhoffTests, Configuration: Release TwinCAT RT (x64) ------
------ Build started: Application: XAETcoIoBeckhoff.TcoIoBeckhoffTests -------
typify code ...
generate code...
generate global initializations ...
generate code initialization ...
generate relocations ...
Size of generated code: 198988 bytes
Size of global data: 262561 bytes
Total allocated memory size for code and data: 852776 bytes
Memory area 0 contains  Data, Input, Output, Memory, Code, Persistent Data and Nonsafe Data: size: 1108608 bytes, highest used address: 852776, largest contiguous memory gap: 255832 bytes (23 %)
Build complete -- 0 errors, 0 warnings : ready for download!
Generate TMC information ...
Import symbol information ...
PLC.TcoIoBeckhoffTests : message: generate boot information...
Access is denied. Update of file 'D:\github\TcOpenGroup\TcOpen\src\TcoIoBeckhoff\src\XAE\XAE\TcoIoBeckhoff\_Libraries\vortex.library\tcocore\1.19.1.1780\tcocore.library' not possible! File is not included in archiveAccess is denied. Update of file 'D:\github\TcOpenGroup\TcOpen\src\TcoIoBeckhoff\src\XAE\XAE\TcoIoBeckhoffTests\_Libraries\vortex.library\tcocore\1.19.1.1780\tcocore.library' not possible! File is not included in archiveAccess is denied. Update of file 'D:\github\TcOpenGroup\TcOpen\src\TcoIoBeckhoff\src\XAE\XAE\TcoIoBeckhoffTests\_Libraries\vortex.library\tcoiobeckhoff\1.19.1.1780\tcoiobeckhoff.library' not possible! File is not included in archive------ Build started: Project: XAETcoIoBeckhoff, Configuration: Release TwinCAT RT (x64) ------
========== Build: 3 succeeded or up-to-date, 0 failed, 0 skipped ==========

Build started...
------ Build started: Project: TcoIoBeckhoffTests, Configuration: Release TwinCAT RT (x64) ------
------ Build started: Application: XAETcoIoBeckhoff.TcoIoBeckhoffTests -------
typify code ...
TcoEthercatMasterDevice(16) : error: No matching FB_init method found for instantiation of TcoEthercatDiagnosticsTask [tcoiobeckhoff, 1.19.1.1780 (vortex.library)]
D:\github\TcOpenGroup\TcOpen\src\TcoIoBeckhoff\src\XAE\XAE\TcoIoBeckhoffTests\POUs\tcc.TcPOU(4) : error: No matching FB_init method found for instantiation of TcoEthercatMasterDevice
D:\github\TcOpenGroup\TcOpen\src\TcoIoBeckhoff\src\XAE\XAE\TcoIoBeckhoffTests\POUs\tcc.TcPOU(6) : error: No matching FB_init method found for instantiation of TcoEthercatMasterDevice
DiagnosticsMessenger.FB_init(10) : warning: Method 'FB_init' already called implicitly [tcoiobeckhoff, 1.19.1.1780 (vortex.library)]
Compile complete -- 3 errors, 1 warnings
Build complete -- 3 errors, 1 warnings : no download possible!
WRN | 3/17/2022 8:39:56 PM 342 ms | 'TwinCAT XAE': Project 'TcoIoBeckhoffTests' build for platform 'TwinCAT RT (x64)' failed.
------ Build started: Project: TcoIoBeckhoff, Configuration: Release TwinCAT RT (x64) ------
------ Build started: Application: XAETcoIoBeckhoff.TcoIoBeckhoff -------
typify code ...
generate code...
generate global initializations ...
generate code initialization ...
generate relocations ...
Size of generated code: 57042 bytes
Size of global data: 13097 bytes
Total allocated memory size for code and data: 454568 bytes
Memory area 0 contains  Data, Input, Output, Memory, Code, Persistent Data and Nonsafe Data: size: 1048576 bytes, highest used address: 454568, largest contiguous memory gap: 594008 bytes (56 %)
Build complete -- 3 errors, 1 warnings : no download possible!
WRN | 3/17/2022 8:39:57 PM 054 ms | 'TwinCAT XAE': Project 'TcoIoBeckhoff' build for platform 'TwinCAT RT (x64)' failed.
------ Build started: Project: XAETcoIoBeckhoff, Configuration: Release TwinCAT RT (x64) ------
Error: The operation could not be completed. Unspecified error 
========== Build: 0 succeeded or up-to-date, 3 failed, 0 skipped ==========

Build started...
------ Build started: Project: TcoIoBeckhoff, Configuration: Release TwinCAT RT (x64) ------
------ Build started: Application: XAETcoIoBeckhoff.TcoIoBeckhoff -------
typify code ...
generate code...
generate global initializations ...
generate code initialization ...
generate relocations ...
Size of generated code: 57042 bytes
Size of global data: 13097 bytes
Total allocated memory size for code and data: 454568 bytes
Memory area 0 contains  Data, Input, Output, Memory, Code, Persistent Data and Nonsafe Data: size: 1048576 bytes, highest used address: 454568, largest contiguous memory gap: 594008 bytes (56 %)
Build complete -- 0 errors, 0 warnings : ready for download!
Generate TMC information ...
Import symbol information ...
PLC.TcoIoBeckhoff : message: generate boot information...
------ Build started: Project: TcoIoBeckhoffTests, Configuration: Release TwinCAT RT (x64) ------
------ Build started: Application: XAETcoIoBeckhoff.TcoIoBeckhoffTests -------
typify code ...
TcoEthercatMasterDevice(16) : error: No matching FB_init method found for instantiation of TcoEthercatDiagnosticsTask [tcoiobeckhoff, 1.19.1.1780 (vortex.library)]
D:\github\TcOpenGroup\TcOpen\src\TcoIoBeckhoff\src\XAE\XAE\TcoIoBeckhoffTests\POUs\tcc.TcPOU(4) : error: No matching FB_init method found for instantiation of TcoEthercatMasterDevice
D:\github\TcOpenGroup\TcOpen\src\TcoIoBeckhoff\src\XAE\XAE\TcoIoBeckhoffTests\POUs\tcc.TcPOU(6) : error: No matching FB_init method found for instantiation of TcoEthercatMasterDevice
DiagnosticsMessenger.FB_init(10) : warning: Method 'FB_init' already called implicitly [tcoiobeckhoff, 1.19.1.1780 (vortex.library)]
Compile complete -- 3 errors, 1 warnings
Build complete -- 3 errors, 1 warnings : no download possible!
WRN | 3/17/2022 8:41:49 PM 194 ms | 'TwinCAT XAE': Project 'TcoIoBeckhoffTests' build for platform 'TwinCAT RT (x64)' failed.
------ Build started: Project: XAETcoIoBeckhoff, Configuration: Release TwinCAT RT (x64) ------
Error: The operation could not be completed. Unspecified error 
========== Build: 1 succeeded or up-to-date, 2 failed, 0 skipped ==========

Build started...
------ Build started: Project: TcoIoBeckhoffTests, Configuration: Release TwinCAT RT (x64) ------
------ Build started: Application: XAETcoIoBeckhoff.TcoIoBeckhoffTests -------
typify code ...
TcoEthercatMasterDevice(16) : error: No matching FB_init method found for instantiation of TcoEthercatDiagnosticsTask [tcoiobeckhoff, 1.19.1.1780 (vortex.library)]
D:\github\TcOpenGroup\TcOpen\src\TcoIoBeckhoff\src\XAE\XAE\TcoIoBeckhoffTests\POUs\tcc.TcPOU(4) : error: No matching FB_init method found for instantiation of TcoEthercatMasterDevice
D:\github\TcOpenGroup\TcOpen\src\TcoIoBeckhoff\src\XAE\XAE\TcoIoBeckhoffTests\POUs\tcc.TcPOU(6) : error: No matching FB_init method found for instantiation of TcoEthercatMasterDevice
DiagnosticsMessenger.FB_init(10) : warning: Method 'FB_init' already called implicitly [tcoiobeckhoff, 1.19.1.1780 (vortex.library)]
Compile complete -- 3 errors, 1 warnings
Build complete -- 3 errors, 1 warnings : no download possible!
WRN | 3/17/2022 8:46:05 PM 853 ms | 'TwinCAT XAE': Project 'TcoIoBeckhoffTests' build for platform 'TwinCAT RT (x64)' failed.
------ Build started: Project: TcoIoBeckhoff, Configuration: Release TwinCAT RT (x64) ------
------ Build started: Application: XAETcoIoBeckhoff.TcoIoBeckhoff -------
typify code ...
generate code...
generate global initializations ...
generate code initialization ...
generate relocations ...
Size of generated code: 57042 bytes
Size of global data: 13097 bytes
Total allocated memory size for code and data: 454568 bytes
Memory area 0 contains  Data, Input, Output, Memory, Code, Persistent Data and Nonsafe Data: size: 1048576 bytes, highest used address: 454568, largest contiguous memory gap: 594008 bytes (56 %)
Build complete -- 3 errors, 1 warnings : no download possible!
WRN | 3/17/2022 8:46:06 PM 597 ms | 'TwinCAT XAE': Project 'TcoIoBeckhoff' build for platform 'TwinCAT RT (x64)' failed.
------ Build started: Project: XAETcoIoBeckhoff, Configuration: Release TwinCAT RT (x64) ------
Error: The operation could not be completed. Unspecified error 
========== Build: 0 succeeded or up-to-date, 3 failed, 0 skipped ==========

